дек. 01, 2022 5:54:27 PM Seminar2Task2 main
INFO: [1, -7, 236, 13, -49, 6, -99, 28]
дек. 01, 2022 5:54:27 PM Seminar2Task2 main
INFO: [1, -7, 13, 236, -49, 6, -99, 28]
дек. 01, 2022 5:54:27 PM Seminar2Task2 main
INFO: [1, -7, 13, -49, 236, 6, -99, 28]
дек. 01, 2022 5:54:27 PM Seminar2Task2 main
INFO: [1, -7, 13, -49, 6, 236, -99, 28]
дек. 01, 2022 5:54:27 PM Seminar2Task2 main
INFO: [1, -7, 13, -49, 6, -99, 236, 28]
дек. 01, 2022 5:54:27 PM Seminar2Task2 main
INFO: [1, -7, 13, -49, 6, -99, 28, 236]
дек. 01, 2022 5:54:27 PM Seminar2Task2 main
INFO: [-7, 1, 13, -49, 6, -99, 28, 236]
дек. 01, 2022 5:54:27 PM Seminar2Task2 main
INFO: [-7, 1, -49, 13, 6, -99, 28, 236]
дек. 01, 2022 5:54:27 PM Seminar2Task2 main
INFO: [-7, 1, -49, 6, 13, -99, 28, 236]
дек. 01, 2022 5:54:27 PM Seminar2Task2 main
INFO: [-7, 1, -49, 6, -99, 13, 28, 236]
дек. 01, 2022 5:54:27 PM Seminar2Task2 main
INFO: [-7, -49, 1, 6, -99, 13, 28, 236]
дек. 01, 2022 5:54:27 PM Seminar2Task2 main
INFO: [-7, -49, 1, -99, 6, 13, 28, 236]
дек. 01, 2022 5:54:27 PM Seminar2Task2 main
INFO: [-49, -7, 1, -99, 6, 13, 28, 236]
дек. 01, 2022 5:54:27 PM Seminar2Task2 main
INFO: [-49, -7, -99, 1, 6, 13, 28, 236]
дек. 01, 2022 5:54:27 PM Seminar2Task2 main
INFO: [-49, -99, -7, 1, 6, 13, 28, 236]
дек. 01, 2022 5:54:27 PM Seminar2Task2 main
INFO: [-99, -49, -7, 1, 6, 13, 28, 236]
